<?xml version="1.0" encoding="UTF-8"?>
<!-- Generated by org.testng.reporters.JUnitReportReporter -->
<testsuite skipped="0" hostname="hp-PC" name="OrangeHRMPkg.BrowserLaunchScript" tests="1" failures="0" timestamp="2020-06-26T19:39:32 IST" time="6.895" errors="0">
  <testcase name="launchBrowser" time="6.895" classname="OrangeHRMPkg.BrowserLaunchScript"/>
  <system-out/>
</testsuite> <!-- OrangeHRMPkg.BrowserLaunchScript -->
